PressreaderSDK-baseline/app_sdk_full/build/intermediates/manifest_merge_blame_file/debug/manifest-merger-blame-debug-report.txt
1<?xml version="1.0" encoding="utf-8"?>
2<manifest xmlns:android="http://schemas.android.com/apk/res/android"
3    package="com.newspaperdirect.example.samplesdk"
4    android:versionCode="1"
5    android:versionName="1.0" >
6
7    <uses-sdk
8        android:minSdkVersion="24"
8-->PressreaderSDK-6.6.1-baseline\app_sdk_full\AndroidManifest.xml
9        android:targetSdkVersion="33" />
9-->PressreaderSDK-6.6.1-baseline\app_sdk_full\AndroidManifest.xml
10
11    <uses-permission android:name="com.google.android.gms.permission.AD_ID" />
11-->PressreaderSDK-6.6.1-baseline\app_sdk_full\AndroidManifest.xml:5:5-78
11-->PressreaderSDK-6.6.1-baseline\app_sdk_full\AndroidManifest.xml:5:22-76
12
13    <!-- Required for DQSyncJobService -->
14    <uses-permission android:name="android.permission.RECEIVE_BOOT_COMPLETED" />
14-->[com.newspaperdirect.pressreader.android:publications:6.6] AndroidManifest.xml:10:5-81
14-->[com.newspaperdirect.pressreader.android:publications:6.6] AndroidManifest.xml:10:22-78
15    <uses-permission android:name="android.permission.POST_NOTIFICATIONS" />
15-->[com.newspaperdirect.pressreader.android:radio:6.6] AndroidManifest.xml:9:5-77
15-->[com.newspaperdirect.pressreader.android:radio:6.6] AndroidManifest.xml:9:22-74
16    <uses-permission android:name="android.permission.INTERNET" />
16-->[com.newspaperdirect.pressreader.android:analytics-flurry:6.6] AndroidManifest.xml:9:5-67
16-->[com.newspaperdirect.pressreader.android:analytics-flurry:6.6] AndroidManifest.xml:9:22-64
17
18    <supports-screens android:xlargeScreens="true" />
18-->[com.newspaperdirect.pressreader.android:core:6.6] AndroidManifest.xml:10:5-54
18-->[com.newspaperdirect.pressreader.android:core:6.6] AndroidManifest.xml:10:23-51
19
20    <uses-permission android:name="android.permission.ACCESS_FINE_LOCATION" />
20-->[com.newspaperdirect.pressreader.android:core:6.6] AndroidManifest.xml:12:5-79
20-->[com.newspaperdirect.pressreader.android:core:6.6] AndroidManifest.xml:12:22-76
21    <uses-permission android:name="android.permission.ACCESS_COARSE_LOCATION" />
21-->[com.newspaperdirect.pressreader.android:core:6.6] AndroidManifest.xml:13:5-81
21-->[com.newspaperdirect.pressreader.android:core:6.6] AndroidManifest.xml:13:22-78
22    <uses-permission android:name="android.permission.ACCESS_NETWORK_STATE" />
22-->[com.newspaperdirect.pressreader.android:core:6.6] AndroidManifest.xml:15:5-79
22-->[com.newspaperdirect.pressreader.android:core:6.6] AndroidManifest.xml:15:22-76
23    <uses-permission android:name="android.permission.FOREGROUND_SERVICE" />
23-->[com.newspaperdirect.pressreader.android:core:6.6] AndroidManifest.xml:16:5-77
23-->[com.newspaperdirect.pressreader.android:core:6.6] AndroidManifest.xml:16:22-74
24    <!--
25    Starting in API level 19, this permission is not required to read/write files in your
26    application-specific directories returned by getExternalFilesDir(String) and getExternalCacheDir()
27    -->
28    <uses-permission android:name="android.permission.WRITE_EXTERNAL_STORAGE" />
28-->[com.newspaperdirect.pressreader.android:core:6.6] AndroidManifest.xml:21:5-81
28-->[com.newspaperdirect.pressreader.android:core:6.6] AndroidManifest.xml:21:22-78
29    <uses-permission android:name="android.permission.ACCESS_WIFI_STATE" />
29-->[com.newspaperdirect.pressreader.android:core:6.6] AndroidManifest.xml:22:5-76
29-->[com.newspaperdirect.pressreader.android:core:6.6] AndroidManifest.xml:22:22-73
30    <uses-permission android:name="android.permission.WAKE_LOCK" />
30-->[com.newspaperdirect.pressreader.android:core:6.6] AndroidManifest.xml:23:5-68
30-->[com.newspaperdirect.pressreader.android:core:6.6] AndroidManifest.xml:23:22-65
31    <uses-permission android:name="android.permission.READ_EXTERNAL_STORAGE" />
32    <uses-permission android:name="com.newspaperdirect.example.samplesdk.DYNAMIC_RECEIVER_NOT_EXPORTED_PERMISSION" />
32-->[com.google.android.gms:play-services-analytics-impl:18.0.4] AndroidManifest.xml:28:5-97
32-->[com.google.android.gms:play-services-analytics-impl:18.0.4] AndroidManifest.xml:28:22-94
33
34    <permission
34-->[androidx.core:core:1.9.0] AndroidManifest.xml:22:5-24:47
35        android:name="com.newspaperdirect.example.samplesdk.DYNAMIC_RECEIVER_NOT_EXPORTED_PERMISSION"
35-->[androidx.core:core:1.9.0] AndroidManifest.xml:23:9-81
36        android:protectionLevel="signature" />
36-->[androidx.core:core:1.9.0] AndroidManifest.xml:24:9-44
37
38    <uses-permission android:name="com.android.vending.BILLING" />
38-->[com.android.billingclient:billing:5.0.0] AndroidManifest.xml:10:5-67
38-->[com.android.billingclient:billing:5.0.0] AndroidManifest.xml:10:22-64
39
40    <application
40-->PressreaderSDK-6.6.1-baseline\app_sdk_full\AndroidManifest.xml:7:5-26:19
41        android:name="com.newspaperdirect.example.samplesdk.GAppEx"
41-->PressreaderSDK-6.6.1-baseline\app_sdk_full\AndroidManifest.xml:8:9-31
42        android:allowBackup="false"
42-->PressreaderSDK-6.6.1-baseline\app_sdk_full\AndroidManifest.xml:12:9-36
43        android:appComponentFactory="androidx.core.app.CoreComponentFactory"
43-->[androidx.core:core:1.9.0] AndroidManifest.xml:28:18-86
44        android:debuggable="true"
45        android:extractNativeLibs="false"
46        android:hardwareAccelerated="true"
46-->PressreaderSDK-6.6.1-baseline\app_sdk_full\AndroidManifest.xml:9:9-43
47        android:icon="@drawable/ic_launcher"
47-->PressreaderSDK-6.6.1-baseline\app_sdk_full\AndroidManifest.xml:10:9-45
48        android:label="@string/app_name"
48-->PressreaderSDK-6.6.1-baseline\app_sdk_full\AndroidManifest.xml:11:9-41
49        android:largeHeap="true"
49-->PressreaderSDK-6.6.1-baseline\app_sdk_full\AndroidManifest.xml:13:9-33
50        android:testOnly="true"
51        android:usesCleartextTraffic="true" >
51-->[com.newspaperdirect.pressreader.android:core:6.6] AndroidManifest.xml:25:18-53
52        <activity
52-->PressreaderSDK-6.6.1-baseline\app_sdk_full\AndroidManifest.xml:15:9-24:20
53            android:name="com.newspaperdirect.example.samplesdk.MainActivity"
53-->PressreaderSDK-6.6.1-baseline\app_sdk_full\AndroidManifest.xml:18:13-41
54            android:exported="true"
54-->PressreaderSDK-6.6.1-baseline\app_sdk_full\AndroidManifest.xml:16:13-36
55            android:label="@string/app_name"
55-->PressreaderSDK-6.6.1-baseline\app_sdk_full\AndroidManifest.xml:19:13-45
56            android:theme="@style/Theme.AppCompat" >
56-->PressreaderSDK-6.6.1-baseline\app_sdk_full\AndroidManifest.xml:17:13-51
57            <intent-filter>
57-->PressreaderSDK-6.6.1-baseline\app_sdk_full\AndroidManifest.xml:20:13-23:29
58                <action android:name="android.intent.action.MAIN" />
58-->PressreaderSDK-6.6.1-baseline\app_sdk_full\AndroidManifest.xml:21:17-69
58-->PressreaderSDK-6.6.1-baseline\app_sdk_full\AndroidManifest.xml:21:25-66
59
60                <category android:name="android.intent.category.LAUNCHER" />
60-->PressreaderSDK-6.6.1-baseline\app_sdk_full\AndroidManifest.xml:22:17-77
60-->PressreaderSDK-6.6.1-baseline\app_sdk_full\AndroidManifest.xml:22:27-74
61            </intent-filter>
62        </activity>
63        <activity
63-->[com.newspaperdirect.pressreader.android:sdk:6.6] AndroidManifest.xml:10:9-16:59
64            android:name="com.newspaperdirect.sdk.MainActivity"
64-->[com.newspaperdirect.pressreader.android:sdk:6.6] AndroidManifest.xml:11:13-64
65            android:exported="true"
65-->[com.newspaperdirect.pressreader.android:sdk:6.6] AndroidManifest.xml:12:13-36
66            android:label="@string/app_name"
66-->[com.newspaperdirect.pressreader.android:sdk:6.6] AndroidManifest.xml:13:13-45
67            android:launchMode="singleTask"
67-->[com.newspaperdirect.pressreader.android:sdk:6.6] AndroidManifest.xml:14:13-44
68            android:theme="@style/Theme.Pressreader"
68-->[com.newspaperdirect.pressreader.android:sdk:6.6] AndroidManifest.xml:15:13-53
69            android:windowSoftInputMode="adjustNothing" />
69-->[com.newspaperdirect.pressreader.android:sdk:6.6] AndroidManifest.xml:16:13-56
70
71        <provider
71-->[com.newspaperdirect.pressreader.android:sdk:6.6] AndroidManifest.xml:18:9-20:70
72            android:name="com.newspaperdirect.pressreader.android.core.catalog.CatalogContentProvider"
72-->[com.newspaperdirect.pressreader.android:sdk:6.6] AndroidManifest.xml:19:13-103
73            android:authorities="com.newspaperdirect.example.samplesdk.catalogprovider" />
73-->[com.newspaperdirect.pressreader.android:sdk:6.6] AndroidManifest.xml:20:13-67
74
75        <activity
75-->[com.newspaperdirect.pressreader.android:newspaperview:6.6] AndroidManifest.xml:12:9-21:20
76            android:name="com.newspaperdirect.pressreader.android.NewspaperView"
76-->[com.newspaperdirect.pressreader.android:newspaperview:6.6] AndroidManifest.xml:13:13-81
77            android:configChanges="keyboardHidden|orientation|screenSize"
77-->[com.newspaperdirect.pressreader.android:newspaperview:6.6] AndroidManifest.xml:14:13-74
78            android:exported="true"
78-->[com.newspaperdirect.pressreader.android:newspaperview:6.6] AndroidManifest.xml:15:13-36
79            android:theme="@style/Theme.Pressreader.Overlay"
79-->[com.newspaperdirect.pressreader.android:newspaperview:6.6] AndroidManifest.xml:16:13-61
80            android:windowSoftInputMode="adjustNothing" >
80-->[com.newspaperdirect.pressreader.android:newspaperview:6.6] AndroidManifest.xml:17:13-56
81            <meta-data
81-->[com.newspaperdirect.pressreader.android:newspaperview:6.6] AndroidManifest.xml:18:13-20:40
82                android:name="android.notch_support"
82-->[com.newspaperdirect.pressreader.android:newspaperview:6.6] AndroidManifest.xml:19:17-53
83                android:value="true" />
83-->[com.newspaperdirect.pressreader.android:newspaperview:6.6] AndroidManifest.xml:20:17-37
84        </activity>
85
86        <service
86-->[com.newspaperdirect.pressreader.android:publications:6.6] AndroidManifest.xml:13:9-15:40
87            android:name="com.newspaperdirect.pressreader.android.core.downloading.DownloadService"
87-->[com.newspaperdirect.pressreader.android:publications:6.6] AndroidManifest.xml:14:13-100
88            android:exported="false" />
88-->[com.newspaperdirect.pressreader.android:publications:6.6] AndroidManifest.xml:15:13-37
89        <service
89-->[com.newspaperdirect.pressreader.android:publications:6.6] AndroidManifest.xml:16:9-18:39
90            android:name="com.newspaperdirect.pressreader.android.core.autodelivery.manager.DQSyncIntentService"
90-->[com.newspaperdirect.pressreader.android:publications:6.6] AndroidManifest.xml:17:13-113
91            android:exported="true" />
91-->[com.newspaperdirect.pressreader.android:publications:6.6] AndroidManifest.xml:18:13-36
92        <service
92-->[com.newspaperdirect.pressreader.android:publications:6.6] AndroidManifest.xml:19:9-22:72
93            android:name="com.newspaperdirect.pressreader.android.core.autodelivery.manager.DQSyncJobService"
93-->[com.newspaperdirect.pressreader.android:publications:6.6] AndroidManifest.xml:20:13-110
94            android:exported="true"
94-->[com.newspaperdirect.pressreader.android:publications:6.6] AndroidManifest.xml:21:13-36
95            android:permission="android.permission.BIND_JOB_SERVICE" />
95-->[com.newspaperdirect.pressreader.android:publications:6.6] AndroidManifest.xml:22:13-69
96
97        <activity
97-->[com.newspaperdirect.pressreader.android:settings:6.6] AndroidManifest.xml:10:9-12:79
98            android:name="com.google.android.gms.oss.licenses.OssLicensesMenuActivity"
98-->[com.newspaperdirect.pressreader.android:settings:6.6] AndroidManifest.xml:11:13-87
99            android:label="@string/oss_license_title"
99-->[com.google.android.gms:play-services-oss-licenses:17.0.1] AndroidManifest.xml:25:13-54
100            android:theme="@style/Theme.MaterialComponents.DayNight.Bridge" />
100-->[com.newspaperdirect.pressreader.android:settings:6.6] AndroidManifest.xml:12:13-76
101        <activity
101-->[com.newspaperdirect.pressreader.android:settings:6.6] AndroidManifest.xml:13:9-15:79
102            android:name="com.google.android.gms.oss.licenses.OssLicensesActivity"
102-->[com.newspaperdirect.pressreader.android:settings:6.6] AndroidManifest.xml:14:13-83
103            android:theme="@style/Theme.MaterialComponents.DayNight.Bridge" />
103-->[com.newspaperdirect.pressreader.android:settings:6.6] AndroidManifest.xml:15:13-76
104
105        <service
105-->[com.newspaperdirect.pressreader.android:radio:6.6] AndroidManifest.xml:12:9-27:19
106            android:name="com.newspaperdirect.pressreader.android.radio.v2.service.RadioService"
106-->[com.newspaperdirect.pressreader.android:radio:6.6] AndroidManifest.xml:13:13-97
107            android:enabled="true"
107-->[com.newspaperdirect.pressreader.android:radio:6.6] AndroidManifest.xml:14:13-35
108            android:exported="true"
108-->[com.newspaperdirect.pressreader.android:radio:6.6] AndroidManifest.xml:15:13-36
109            android:foregroundServiceType="mediaPlayback" >
109-->[com.newspaperdirect.pressreader.android:radio:6.6] AndroidManifest.xml:16:13-58
110
111            <!--
112            Added foregroundServiceType="mediaPlayback"
113            to avoid ForegroundServiceStartNotAllowedException in Android 12:
114            https://stackoverflow.com/questions/69604951/getting-android-app-foregroundservicestartnotallowedexception-in-android-12-sdk/70378618#70378618
115            -->
116
117            <intent-filter>
117-->[com.newspaperdirect.pressreader.android:radio:6.6] AndroidManifest.xml:24:13-26:29
118                <action android:name="android.media.browse.MediaBrowserService" />
118-->[com.newspaperdirect.pressreader.android:radio:6.6] AndroidManifest.xml:25:17-83
118-->[com.newspaperdirect.pressreader.android:radio:6.6] AndroidManifest.xml:25:25-80
119            </intent-filter>
120        </service>
121        <!--
122             MediaSession, prior to API 21, uses a broadcast receiver to communicate with a
123             media session. It does not have to be this broadcast receiver, but it must
124             handle the action "android.intent.action.MEDIA_BUTTON".
125
126             Additionally, this is used to resume the service from an inactive state upon
127             receiving a media button event (such as "play").
128        -->
129        <receiver
129-->[com.newspaperdirect.pressreader.android:radio:6.6] AndroidManifest.xml:37:9-43:20
130            android:name="androidx.media.session.MediaButtonReceiver"
130-->[com.newspaperdirect.pressreader.android:radio:6.6] AndroidManifest.xml:38:13-70
131            android:exported="true" >
131-->[com.newspaperdirect.pressreader.android:radio:6.6] AndroidManifest.xml:39:13-36
132            <intent-filter>
132-->[com.newspaperdirect.pressreader.android:radio:6.6] AndroidManifest.xml:40:13-42:29
133                <action android:name="android.intent.action.MEDIA_BUTTON" />
133-->[com.newspaperdirect.pressreader.android:radio:6.6] AndroidManifest.xml:41:17-77
133-->[com.newspaperdirect.pressreader.android:radio:6.6] AndroidManifest.xml:41:25-74
134            </intent-filter>
135        </receiver>
136
137        <meta-data
137-->[com.newspaperdirect.pressreader.android:core:6.6] AndroidManifest.xml:26:9-28:69
138            android:name="com.google.android.gms.version"
138-->[com.newspaperdirect.pressreader.android:core:6.6] AndroidManifest.xml:27:13-58
139            android:value="@integer/google_play_services_version" />
139-->[com.newspaperdirect.pressreader.android:core:6.6] AndroidManifest.xml:28:13-66
140        <!--
141         Optionally, register AnalyticsReceiver and AnalyticsService to support background
142         dispatching on non-Google Play devices
143        -->
144        <receiver
144-->[com.newspaperdirect.pressreader.android:core:6.6] AndroidManifest.xml:33:9-39:20
145            android:name="com.google.android.gms.analytics.AnalyticsReceiver"
145-->[com.newspaperdirect.pressreader.android:core:6.6] AndroidManifest.xml:34:13-78
146            android:enabled="true"
146-->[com.newspaperdirect.pressreader.android:core:6.6] AndroidManifest.xml:35:13-35
147            android:exported="false" >
147-->[com.google.android.gms:play-services-analytics:18.0.4] AndroidManifest.xml:33:13-37
148            <intent-filter>
148-->[com.newspaperdirect.pressreader.android:core:6.6] AndroidManifest.xml:36:13-38:29
149                <action android:name="com.google.android.gms.analytics.ANALYTICS_DISPATCH" />
149-->[com.newspaperdirect.pressreader.android:core:6.6] AndroidManifest.xml:37:17-94
149-->[com.newspaperdirect.pressreader.android:core:6.6] AndroidManifest.xml:37:25-91
150            </intent-filter>
151        </receiver>
152
153        <service
153-->[com.newspaperdirect.pressreader.android:core:6.6] AndroidManifest.xml:41:9-44:40
154            android:name="com.google.android.gms.analytics.AnalyticsService"
154-->[com.newspaperdirect.pressreader.android:core:6.6] AndroidManifest.xml:42:13-77
155            android:enabled="true"
155-->[com.newspaperdirect.pressreader.android:core:6.6] AndroidManifest.xml:43:13-35
156            android:exported="false" />
156-->[com.newspaperdirect.pressreader.android:core:6.6] AndroidManifest.xml:44:13-37
157        <!--
158             Optionally, register CampaignTrackingReceiver and CampaignTrackingService to enable
159             installation campaign reporting
160        -->
161        <receiver
161-->[com.newspaperdirect.pressreader.android:core:6.6] AndroidManifest.xml:49:9-55:20
162            android:name="com.google.android.gms.analytics.CampaignTrackingReceiver"
162-->[com.newspaperdirect.pressreader.android:core:6.6] AndroidManifest.xml:50:13-85
163            android:exported="true" >
163-->[com.newspaperdirect.pressreader.android:core:6.6] AndroidManifest.xml:51:13-36
164            <intent-filter>
164-->[com.newspaperdirect.pressreader.android:core:6.6] AndroidManifest.xml:52:13-54:29
165                <action android:name="com.android.vending.INSTALL_REFERRER" />
165-->[com.newspaperdirect.pressreader.android:core:6.6] AndroidManifest.xml:53:17-79
165-->[com.newspaperdirect.pressreader.android:core:6.6] AndroidManifest.xml:53:25-76
166            </intent-filter>
167        </receiver>
168
169        <provider
169-->[com.newspaperdirect.pressreader.android:core:6.6] AndroidManifest.xml:57:9-65:20
170            android:name="com.newspaperdirect.pressreader.android.providers.PressReaderFileProvider"
170-->[com.newspaperdirect.pressreader.android:core:6.6] AndroidManifest.xml:58:13-101
171            android:authorities="com.newspaperdirect.example.samplesdk"
171-->[com.newspaperdirect.pressreader.android:core:6.6] AndroidManifest.xml:59:13-51
172            android:exported="false"
172-->[com.newspaperdirect.pressreader.android:core:6.6] AndroidManifest.xml:60:13-37
173            android:grantUriPermissions="true" >
173-->[com.newspaperdirect.pressreader.android:core:6.6] AndroidManifest.xml:61:13-47
174            <meta-data
174-->[com.newspaperdirect.pressreader.android:core:6.6] AndroidManifest.xml:62:13-64:63
175                android:name="android.support.FILE_PROVIDER_PATHS"
175-->[com.newspaperdirect.pressreader.android:core:6.6] AndroidManifest.xml:63:17-67
176                android:resource="@xml/file_provider_paths" />
176-->[com.newspaperdirect.pressreader.android:core:6.6] AndroidManifest.xml:64:17-60
177        </provider>
178
179        <activity
179-->[com.appboy:android-sdk-ui:13.1.2] AndroidManifest.xml:10:9-12:40
180            android:name="com.appboy.ui.AppboyWebViewActivity"
180-->[com.appboy:android-sdk-ui:13.1.2] AndroidManifest.xml:11:13-63
181            android:exported="false" />
181-->[com.appboy:android-sdk-ui:13.1.2] AndroidManifest.xml:12:13-37
182        <activity
182-->[com.appboy:android-sdk-ui:13.1.2] AndroidManifest.xml:13:9-15:40
183            android:name="com.appboy.ui.activities.AppboyFeedActivity"
183-->[com.appboy:android-sdk-ui:13.1.2] AndroidManifest.xml:14:13-71
184            android:exported="false" />
184-->[com.appboy:android-sdk-ui:13.1.2] AndroidManifest.xml:15:13-37
185        <activity
185-->[com.appboy:android-sdk-ui:13.1.2] AndroidManifest.xml:16:9-18:40
186            android:name="com.appboy.ui.activities.AppboyContentCardsActivity"
186-->[com.appboy:android-sdk-ui:13.1.2] AndroidManifest.xml:17:13-79
187            android:exported="false" />
187-->[com.appboy:android-sdk-ui:13.1.2] AndroidManifest.xml:18:13-37
188        <activity
188-->[com.appboy:android-sdk-ui:13.1.2] AndroidManifest.xml:19:9-23:71
189            android:name="com.appboy.push.NotificationTrampolineActivity"
189-->[com.appboy:android-sdk-ui:13.1.2] AndroidManifest.xml:20:13-74
190            android:exported="false"
190-->[com.appboy:android-sdk-ui:13.1.2] AndroidManifest.xml:21:13-37
191            android:launchMode="singleInstance"
191-->[com.appboy:android-sdk-ui:13.1.2] AndroidManifest.xml:22:13-48
192            android:theme="@style/Braze.PushTrampoline.Transparent" />
192-->[com.appboy:android-sdk-ui:13.1.2] AndroidManifest.xml:23:13-68
193
194        <receiver
194-->[com.appboy:android-sdk-ui:13.1.2] AndroidManifest.xml:25:9-27:40
195            android:name="com.appboy.BrazePushReceiver"
195-->[com.appboy:android-sdk-ui:13.1.2] AndroidManifest.xml:26:13-56
196            android:exported="false" />
196-->[com.appboy:android-sdk-ui:13.1.2] AndroidManifest.xml:27:13-37
197
198        <service
198-->[com.google.android.gms:play-services-analytics:18.0.4] AndroidManifest.xml:40:9-44:72
199            android:name="com.google.android.gms.analytics.AnalyticsJobService"
199-->[com.google.android.gms:play-services-analytics:18.0.4] AndroidManifest.xml:41:13-80
200            android:enabled="true"
200-->[com.google.android.gms:play-services-analytics:18.0.4] AndroidManifest.xml:42:13-35
201            android:exported="false"
201-->[com.google.android.gms:play-services-analytics:18.0.4] AndroidManifest.xml:43:13-37
202            android:permission="android.permission.BIND_JOB_SERVICE" />
202-->[com.google.android.gms:play-services-analytics:18.0.4] AndroidManifest.xml:44:13-69
203
204        <activity
204-->[com.google.android.gms:play-services-base:18.0.1] AndroidManifest.xml:20:9-22:45
205            android:name="com.google.android.gms.common.api.GoogleApiActivity"
205-->[com.google.android.gms:play-services-base:18.0.1] AndroidManifest.xml:20:19-85
206            android:exported="false"
206-->[com.google.android.gms:play-services-base:18.0.1] AndroidManifest.xml:22:19-43
207            android:theme="@android:style/Theme.Translucent.NoTitleBar" />
207-->[com.google.android.gms:play-services-base:18.0.1] AndroidManifest.xml:21:19-78
208
209        <service
209-->[com.google.firebase:firebase-crashlytics:18.2.8] AndroidManifest.xml:15:9-21:19
210            android:name="com.google.firebase.components.ComponentDiscoveryService"
210-->[com.google.firebase:firebase-crashlytics:18.2.8] AndroidManifest.xml:16:13-84
211            android:directBootAware="true"
211-->[com.google.firebase:firebase-common:20.0.0] AndroidManifest.xml:35:13-43
212            android:exported="false" >
212-->[com.google.firebase:firebase-crashlytics:18.2.8] AndroidManifest.xml:17:13-37
213            <meta-data
213-->[com.google.firebase:firebase-crashlytics:18.2.8] AndroidManifest.xml:18:13-20:85
214                android:name="com.google.firebase.components:com.google.firebase.crashlytics.CrashlyticsRegistrar"
214-->[com.google.firebase:firebase-crashlytics:18.2.8] AndroidManifest.xml:19:17-115
215                android:value="com.google.firebase.components.ComponentRegistrar" />
215-->[com.google.firebase:firebase-crashlytics:18.2.8] AndroidManifest.xml:20:17-82
216            <meta-data
216-->[com.google.firebase:firebase-installations:17.0.0] AndroidManifest.xml:18:13-20:85
217                android:name="com.google.firebase.components:com.google.firebase.installations.FirebaseInstallationsRegistrar"
217-->[com.google.firebase:firebase-installations:17.0.0] AndroidManifest.xml:19:17-127
218                android:value="com.google.firebase.components.ComponentRegistrar" />
218-->[com.google.firebase:firebase-installations:17.0.0] AndroidManifest.xml:20:17-82
219        </service>
220
221        <provider
221-->[com.google.firebase:firebase-common:20.0.0] AndroidManifest.xml:26:9-31:39
222            android:name="com.google.firebase.provider.FirebaseInitProvider"
222-->[com.google.firebase:firebase-common:20.0.0] AndroidManifest.xml:27:13-77
223            android:authorities="com.newspaperdirect.example.samplesdk.firebaseinitprovider"
223-->[com.google.firebase:firebase-common:20.0.0] AndroidManifest.xml:28:13-72
224            android:directBootAware="true"
224-->[com.google.firebase:firebase-common:20.0.0] AndroidManifest.xml:29:13-43
225            android:exported="false"
225-->[com.google.firebase:firebase-common:20.0.0] AndroidManifest.xml:30:13-37
226            android:initOrder="100" />
226-->[com.google.firebase:firebase-common:20.0.0] AndroidManifest.xml:31:13-36
227
228        <uses-library
228-->[androidx.window:window:1.0.0] AndroidManifest.xml:25:9-27:40
229            android:name="androidx.window.extensions"
229-->[androidx.window:window:1.0.0] AndroidManifest.xml:26:13-54
230            android:required="false" />
230-->[androidx.window:window:1.0.0] AndroidManifest.xml:27:13-37
231        <uses-library
231-->[androidx.window:window:1.0.0] AndroidManifest.xml:28:9-30:40
232            android:name="androidx.window.sidecar"
232-->[androidx.window:window:1.0.0] AndroidManifest.xml:29:13-51
233            android:required="false" />
233-->[androidx.window:window:1.0.0] AndroidManifest.xml:30:13-37
234
235        <provider
235-->[androidx.emoji2:emoji2:1.2.0] AndroidManifest.xml:24:9-32:20
236            android:name="androidx.startup.InitializationProvider"
236-->[androidx.emoji2:emoji2:1.2.0] AndroidManifest.xml:25:13-67
237            android:authorities="com.newspaperdirect.example.samplesdk.androidx-startup"
237-->[androidx.emoji2:emoji2:1.2.0] AndroidManifest.xml:26:13-68
238            android:exported="false" >
238-->[androidx.emoji2:emoji2:1.2.0] AndroidManifest.xml:27:13-37
239            <meta-data
239-->[androidx.emoji2:emoji2:1.2.0] AndroidManifest.xml:29:13-31:52
240                android:name="androidx.emoji2.text.EmojiCompatInitializer"
240-->[androidx.emoji2:emoji2:1.2.0] AndroidManifest.xml:30:17-75
241                android:value="androidx.startup" />
241-->[androidx.emoji2:emoji2:1.2.0] AndroidManifest.xml:31:17-49
242            <meta-data
242-->[androidx.work:work-runtime:2.7.1] AndroidManifest.xml:36:13-38:52
243                android:name="androidx.work.WorkManagerInitializer"
243-->[androidx.work:work-runtime:2.7.1] AndroidManifest.xml:37:17-68
244                android:value="androidx.startup" />
244-->[androidx.work:work-runtime:2.7.1] AndroidManifest.xml:38:17-49
245            <meta-data
245-->[net.danlew:android.joda:2.12.0] AndroidManifest.xml:16:13-18:52
246                android:name="net.danlew.android.joda.JodaTimeInitializer"
246-->[net.danlew:android.joda:2.12.0] AndroidManifest.xml:17:17-75
247                android:value="androidx.startup" />
247-->[net.danlew:android.joda:2.12.0] AndroidManifest.xml:18:17-49
248            <meta-data
248-->[androidx.lifecycle:lifecycle-process:2.4.1] AndroidManifest.xml:31:13-33:52
249                android:name="androidx.lifecycle.ProcessLifecycleInitializer"
249-->[androidx.lifecycle:lifecycle-process:2.4.1] AndroidManifest.xml:32:17-78
250                android:value="androidx.startup" />
250-->[androidx.lifecycle:lifecycle-process:2.4.1] AndroidManifest.xml:33:17-49
251        </provider>
252
253        <service
253-->[androidx.work:work-runtime:2.7.1] AndroidManifest.xml:41:9-46:35
254            android:name="androidx.work.impl.background.systemalarm.SystemAlarmService"
254-->[androidx.work:work-runtime:2.7.1] AndroidManifest.xml:42:13-88
255            android:directBootAware="false"
255-->[androidx.work:work-runtime:2.7.1] AndroidManifest.xml:43:13-44
256            android:enabled="@bool/enable_system_alarm_service_default"
256-->[androidx.work:work-runtime:2.7.1] AndroidManifest.xml:44:13-72
257            android:exported="false" />
257-->[androidx.work:work-runtime:2.7.1] AndroidManifest.xml:45:13-37
258        <service
258-->[androidx.work:work-runtime:2.7.1] AndroidManifest.xml:47:9-53:35
259            android:name="androidx.work.impl.background.systemjob.SystemJobService"
259-->[androidx.work:work-runtime:2.7.1] AndroidManifest.xml:48:13-84
260            android:directBootAware="false"
260-->[androidx.work:work-runtime:2.7.1] AndroidManifest.xml:49:13-44
261            android:enabled="@bool/enable_system_job_service_default"
261-->[androidx.work:work-runtime:2.7.1] AndroidManifest.xml:50:13-70
262            android:exported="true"
262-->[androidx.work:work-runtime:2.7.1] AndroidManifest.xml:51:13-36
263            android:permission="android.permission.BIND_JOB_SERVICE" />
263-->[androidx.work:work-runtime:2.7.1] AndroidManifest.xml:52:13-69
264        <service
264-->[androidx.work:work-runtime:2.7.1] AndroidManifest.xml:54:9-59:35
265            android:name="androidx.work.impl.foreground.SystemForegroundService"
265-->[androidx.work:work-runtime:2.7.1] AndroidManifest.xml:55:13-81
266            android:directBootAware="false"
266-->[androidx.work:work-runtime:2.7.1] AndroidManifest.xml:56:13-44
267            android:enabled="@bool/enable_system_foreground_service_default"
267-->[androidx.work:work-runtime:2.7.1] AndroidManifest.xml:57:13-77
268            android:exported="false" />
268-->[androidx.work:work-runtime:2.7.1] AndroidManifest.xml:58:13-37
269
270        <receiver
270-->[androidx.work:work-runtime:2.7.1] AndroidManifest.xml:61:9-66:35